<?xml version="1.0" encoding="UTF-8"?>
<testng-results skipped="0" failed="0" total="1" passed="1">
  <reporter-output>
    <line>
      <![CDATA[Test:testA is Pass ]]>
    </line>
    <line>
      <![CDATA[TestName:testA Status:PASS]]>
    </line>
  </reporter-output>
  <suite name="Default suite" duration-ms="21692" started-at="2018-10-11T06:35:49Z" finished-at="2018-10-11T06:36:11Z">
    <groups>
    </groups>
    <test name="Default test" duration-ms="21692" started-at="2018-10-11T06:35:49Z" finished-at="2018-10-11T06:36:11Z">
      <class name="script.DemoA">
        <test-method status="PASS" signature="openApp(java.lang.String, java.lang.String)[pri:0, instance:script.DemoA@68be2bc2]" name="openApp" is-config="true" duration-ms="11561" started-at="2018-10-11T12:05:49Z" finished-at="2018-10-11T12:06:01Z">
          <params>
            <param index="0">
              <value>
                <![CDATA[localhost]]>
              </value>
            </param>
            <param index="1">
              <value>
                <![CDATA[chrome]]>
              </value>
            </param>
          </params>
          <reporter-output>
          </reporter-output>
        </test-method> <!-- openApp -->
        <test-method status="PASS" signature="testA()[pri:0, instance:script.DemoA@68be2bc2]" name="testA" duration-ms="10040" started-at="2018-10-11T12:06:01Z" finished-at="2018-10-11T12:06:11Z">
          <reporter-output>
            <line>
              <![CDATA[Test:testA is Pass ]]>
            </line>
          </reporter-output>
        </test-method> <!-- testA -->
        <test-method status="PASS" signature="closeApp(org.testng.ITestResult)[pri:0, instance:script.DemoA@68be2bc2]" name="closeApp" is-config="true" duration-ms="1" started-at="2018-10-11T12:06:11Z" finished-at="2018-10-11T12:06:11Z">
          <params>
            <param index="0">
              <value>
                <![CDATA[[TestResult name=testA status=SUCCESS method=DemoA.testA()[pri:0, instance:script.DemoA@68be2bc2] output=Test:testA is Pass ]]]>
              </value>
            </param>
          </params>
          <reporter-output>
            <line>
              <![CDATA[TestName:testA Status:PASS]]>
            </line>
          </reporter-output>
        </test-method> <!-- closeApp -->
      </class> <!-- script.DemoA -->
    </test> <!-- Default test -->
  </suite> <!-- Default suite -->
</testng-results>
